This is pdfTeX, Version 3.1415926-1.40.10 (TeX Live 2009/Debian) (format=pdflatex 2012.6.16)  10 AUG 2012 18:26
entering extended mode
 %&-line parsing enabled.
**imp.tex
(./imp.tex
LaTeX2e <2009/09/24>
Babel <v3.8l> and hyphenation patterns for english, usenglishmax, dumylang, noh
yphenation, farsi, arabic, croatian, bulgarian, ukrainian, russian, czech, slov
ak, danish, dutch, finnish, french, basque, ngerman, german, german-x-2009-06-1
9, ngerman-x-2009-06-19, ibycus, monogreek, greek, ancientgreek, hungarian, san
skrit, italian, latin, latvian, lithuanian, mongolian2a, mongolian, bokmal, nyn
orsk, romanian, irish, coptic, serbian, turkish, welsh, esperanto, uppersorbian
, estonian, indonesian, interlingua, icelandic, kurmanji, slovenian, polish, po
rtuguese, spanish, galician, catalan, swedish, ukenglish, pinyin, loaded.
(/usr/share/texmf-texlive/tex/latex/base/article.cls
Document Class: article 2007/10/19 v1.4h Standard LaTeX document class
(/usr/share/texmf-texlive/tex/latex/base/size12.clo
File: size12.clo 2007/10/19 v1.4h Standard LaTeX file (size option)
)
\c@part=\count79
\c@section=\count80
\c@subsection=\count81
\c@subsubsection=\count82
\c@paragraph=\count83
\c@subparagraph=\count84
\c@figure=\count85
\c@table=\count86
\abovecaptionskip=\skip41
\belowcaptionskip=\skip42
\bibindent=\dimen102
)
(/usr/share/texmf-texlive/tex/latex/graphics/color.sty
Package: color 2005/11/14 v1.0j Standard LaTeX Color (DPC)

(/etc/texmf/tex/latex/config/color.cfg
File: color.cfg 2007/01/18 v1.5 color configuration of teTeX/TeXLive
)
Package color Info: Driver file: pdftex.def on input line 130.

(/usr/share/texmf-texlive/tex/latex/pdftex-def/pdftex.def
File: pdftex.def 2010/03/12 v0.04p Graphics/color for pdfTeX
\Gread@gobject=\count87
))
(/usr/share/texmf-texlive/tex/latex/graphics/graphicx.sty
Package: graphicx 1999/02/16 v1.0f Enhanced LaTeX Graphics (DPC,SPQR)

(/usr/share/texmf-texlive/tex/latex/graphics/keyval.sty
Package: keyval 1999/03/16 v1.13 key=value parser (DPC)
\KV@toks@=\toks14
)
(/usr/share/texmf-texlive/tex/latex/graphics/graphics.sty
Package: graphics 2009/02/05 v1.0o Standard LaTeX Graphics (DPC,SPQR)

(/usr/share/texmf-texlive/tex/latex/graphics/trig.sty
Package: trig 1999/03/16 v1.09 sin cos tan (DPC)
)
(/etc/texmf/tex/latex/config/graphics.cfg
File: graphics.cfg 2009/08/28 v1.8 graphics configuration of TeX Live
)
Package graphics Info: Driver file: pdftex.def on input line 91.
)
\Gin@req@height=\dimen103
\Gin@req@width=\dimen104
)
(/usr/share/texmf-texlive/tex/latex/graphics/epsfig.sty
Package: epsfig 1999/02/16 v1.7a (e)psfig emulation (SPQR)
\epsfxsize=\dimen105
\epsfysize=\dimen106
)
(/usr/share/texmf-texlive/tex/latex/geometry/geometry.sty
Package: geometry 2008/12/21 v4.2 Page Geometry

(/usr/share/texmf-texlive/tex/generic/oberdiek/ifpdf.sty
Package: ifpdf 2009/04/10 v2.0 Provides the ifpdf switch (HO)
Package ifpdf Info: pdfTeX in pdf mode detected.
)
(/usr/share/texmf-texlive/tex/generic/oberdiek/ifvtex.sty
Package: ifvtex 2008/11/04 v1.4 Switches for detecting VTeX and its modes (HO)
Package ifvtex Info: VTeX not detected.
)
\Gm@cnth=\count88
\Gm@cntv=\count89
\c@Gm@tempcnt=\count90
\Gm@bindingoffset=\dimen107
\Gm@wd@mp=\dimen108
\Gm@odd@mp=\dimen109
\Gm@even@mp=\dimen110
\Gm@dimlist=\toks15

(/usr/share/texmf-texlive/tex/xelatex/xetexconfig/geometry.cfg))
(/usr/share/texmf-texlive/tex/latex/pdfpages/pdfpages.sty
Package: pdfpages 2009/02/07 v0.4g Insert pages of external PDF documents (AM)

(/usr/share/texmf-texlive/tex/latex/base/ifthen.sty
Package: ifthen 2001/05/26 v1.1c Standard LaTeX ifthen package (DPC)
)
(/usr/share/texmf-texlive/tex/latex/tools/calc.sty
Package: calc 2007/08/22 v4.3 Infix arithmetic (KKT,FJ)
\calc@Acount=\count91
\calc@Bcount=\count92
\calc@Adimen=\dimen111
\calc@Bdimen=\dimen112
\calc@Askip=\skip43
\calc@Bskip=\skip44
LaTeX Info: Redefining \setlength on input line 76.
LaTeX Info: Redefining \addtolength on input line 77.
\calc@Ccount=\count93
\calc@Cskip=\skip45
)
(/usr/share/texmf-texlive/tex/latex/eso-pic/eso-pic.sty
Package: eso-pic 2006/07/14 v1.1d eso-pic (RN)

(/usr/share/texmf-texlive/tex/latex/ms/everyshi.sty
Package: everyshi 2001/05/15 v3.00 EveryShipout Package (MS)
))
(/usr/share/texmf-texlive/tex/latex/pdfpages/pppdftex.def
File: pppdftex.def 2009/02/07 v0.4g Pdfpages driver for pdfTeX (AM)
)
\AM@pagebox=\box26
\AM@toc@title=\toks16
\c@AM@survey=\count94
\AM@templatesizebox=\box27
) (./imp.aux)
\openout1 = `imp.aux'.

LaTeX Font Info:    Checking defaults for OML/cmm/m/it on input line 7.
LaTeX Font Info:    ... okay on input line 7.
LaTeX Font Info:    Checking defaults for T1/cmr/m/n on input line 7.
LaTeX Font Info:    ... okay on input line 7.
LaTeX Font Info:    Checking defaults for OT1/cmr/m/n on input line 7.
LaTeX Font Info:    ... okay on input line 7.
LaTeX Font Info:    Checking defaults for OMS/cmsy/m/n on input line 7.
LaTeX Font Info:    ... okay on input line 7.
LaTeX Font Info:    Checking defaults for OMX/cmex/m/n on input line 7.
LaTeX Font Info:    ... okay on input line 7.
LaTeX Font Info:    Checking defaults for U/cmr/m/n on input line 7.
LaTeX Font Info:    ... okay on input line 7.

(/usr/share/texmf-texlive/tex/context/base/supp-pdf.mkii
[Loading MPS to PDF converter (version 2006.09.02).]
\scratchcounter=\count95
\scratchdimen=\dimen113
\scratchbox=\box28
\nofMPsegments=\count96
\nofMParguments=\count97
\everyMPshowfont=\toks17
\MPscratchCnt=\count98
\MPscratchDim=\dimen114
\MPnumerator=\count99
\everyMPtoPDFconversion=\toks18
)
*geometry auto-detecting driver*
*geometry detected driver: pdftex*
-------------------- Geometry parameters
paper: user defined
landscape: --
twocolumn: --
twoside: true
asymmetric: --
h-parts: 0.0pt, 805.21298pt, 0.0pt
v-parts: 0.0pt, 1308.82677pt, 0.0pt
hmarginratio: --
vmarginratio: --
lines: --
heightrounded: --
bindingoffset: 0.0pt
truedimen: --
includehead: --
includefoot: --
includemp: --
driver: pdftex
-------------------- Page layout dimensions and switches
\paperwidth  805.21298pt
\paperheight 1308.82677pt
\textwidth  805.21298pt
\textheight 1308.82677pt
\oddsidemargin  -72.26999pt
\evensidemargin -72.26999pt
\topmargin  -109.26999pt
\headheight 12.0pt
\headsep    25.0pt
\footskip   30.0pt
\marginparwidth 95.0pt
\marginparsep   10.0pt
\columnsep  10.0pt
\skip\footins  10.8pt plus 4.0pt minus 2.0pt
\hoffset 0.0pt
\voffset 0.0pt
\mag 1000
\@twosidetrue \@mparswitchtrue 
(1in=72.27pt, 1cm=28.45pt)
-----------------------
ABD: EveryShipout initializing macros
<demo.pdf, id=3, page=32, 523.9575pt x 686.565pt>
File: demo.pdf Graphic file (type pdf)
 <use demo.pdf, page 32>
File: demo.pdf Graphic file (type pdf)

<use demo.pdf, page 32>
File: demo.pdf Graphic file (type pdf)
 <use demo.pdf, page 32>
File: demo.pdf Graphic file (type pdf)
 <use demo.pdf, page 32>
<demo.pdf, id=4, page=1, 523.9575pt x 686.565pt>
File: demo.pdf Graphic file (type pdf)
 <use demo.pdf, page 1>
File: demo.pdf Graphic file (type pdf)

<use demo.pdf, page 1>
File: demo.pdf Graphic file (type pdf)
 <use demo.pdf, page 32>
File: demo.pdf Graphic file (type pdf)
 <use demo.pdf, page 1> [1

 <./demo.pdf> <./demo.pdf>] <demo.pdf, id=34, page=31, 523.9575pt x 686.565pt>
File: demo.pdf Graphic file (type pdf)

<use demo.pdf, page 31>
File: demo.pdf Graphic file (type pdf)
 <use demo.pdf, page 31>
<demo.pdf, id=35, page=2, 523.9575pt x 686.565pt>
File: demo.pdf Graphic file (type pdf)
 <use demo.pdf, page 2>
File: demo.pdf Graphic file (type pdf)

<use demo.pdf, page 2>
File: demo.pdf Graphic file (type pdf)
 <use demo.pdf, page 31>
File: demo.pdf Graphic file (type pdf)
 <use demo.pdf, page 2> [2 <./demo.pdf> <./demo.pdf>] <demo.pdf, id=39, page=30
, 523.9575pt x 686.565pt>
File: demo.pdf Graphic file (type pdf)

<use demo.pdf, page 30>
File: demo.pdf Graphic file (type pdf)
 <use demo.pdf, page 30>
<demo.pdf, id=40, page=3, 523.9575pt x 686.565pt>
File: demo.pdf Graphic file (type pdf)
 <use demo.pdf, page 3>
File: demo.pdf Graphic file (type pdf)

<use demo.pdf, page 3>
File: demo.pdf Graphic file (type pdf)
 <use demo.pdf, page 30>
File: demo.pdf Graphic file (type pdf)
 <use demo.pdf, page 3> [3 <./demo.pdf> <./demo.pdf>] <demo.pdf, id=44, page=29
, 523.9575pt x 686.565pt>
File: demo.pdf Graphic file (type pdf)

<use demo.pdf, page 29>
File: demo.pdf Graphic file (type pdf)
 <use demo.pdf, page 29>
<demo.pdf, id=45, page=4, 523.9575pt x 686.565pt>
File: demo.pdf Graphic file (type pdf)
 <use demo.pdf, page 4>
File: demo.pdf Graphic file (type pdf)

<use demo.pdf, page 4>
File: demo.pdf Graphic file (type pdf)
 <use demo.pdf, page 29>
File: demo.pdf Graphic file (type pdf)
 <use demo.pdf, page 4> [4 <./demo.pdf> <./demo.pdf>] <demo.pdf, id=49, page=28
, 523.9575pt x 686.565pt>
File: demo.pdf Graphic file (type pdf)

<use demo.pdf, page 28>
File: demo.pdf Graphic file (type pdf)
 <use demo.pdf, page 28>
<demo.pdf, id=50, page=5, 523.9575pt x 686.565pt>
File: demo.pdf Graphic file (type pdf)
 <use demo.pdf, page 5>
File: demo.pdf Graphic file (type pdf)

<use demo.pdf, page 5>
File: demo.pdf Graphic file (type pdf)
 <use demo.pdf, page 28>
File: demo.pdf Graphic file (type pdf)
 <use demo.pdf, page 5> [5 <./demo.pdf> <./demo.pdf>] <demo.pdf, id=54, page=27
, 523.9575pt x 686.565pt>
File: demo.pdf Graphic file (type pdf)

<use demo.pdf, page 27>
File: demo.pdf Graphic file (type pdf)
 <use demo.pdf, page 27>
<demo.pdf, id=55, page=6, 523.9575pt x 686.565pt>
File: demo.pdf Graphic file (type pdf)
 <use demo.pdf, page 6>
File: demo.pdf Graphic file (type pdf)

<use demo.pdf, page 6>
File: demo.pdf Graphic file (type pdf)
 <use demo.pdf, page 27>
File: demo.pdf Graphic file (type pdf)
 <use demo.pdf, page 6> [6 <./demo.pdf> <./demo.pdf>] <demo.pdf, id=59, page=26
, 523.9575pt x 686.565pt>
File: demo.pdf Graphic file (type pdf)

<use demo.pdf, page 26>
File: demo.pdf Graphic file (type pdf)
 <use demo.pdf, page 26>
<demo.pdf, id=60, page=7, 523.9575pt x 686.565pt>
File: demo.pdf Graphic file (type pdf)
 <use demo.pdf, page 7>
File: demo.pdf Graphic file (type pdf)

<use demo.pdf, page 7>
File: demo.pdf Graphic file (type pdf)
 <use demo.pdf, page 26>
File: demo.pdf Graphic file (type pdf)
 <use demo.pdf, page 7> [7 <./demo.pdf> <./demo.pdf>] <demo.pdf, id=65, page=25
, 523.9575pt x 686.565pt>
File: demo.pdf Graphic file (type pdf)

<use demo.pdf, page 25>
File: demo.pdf Graphic file (type pdf)
 <use demo.pdf, page 25>
<demo.pdf, id=66, page=8, 523.9575pt x 686.565pt>
File: demo.pdf Graphic file (type pdf)
 <use demo.pdf, page 8>
File: demo.pdf Graphic file (type pdf)

<use demo.pdf, page 8>
File: demo.pdf Graphic file (type pdf)
 <use demo.pdf, page 25>
File: demo.pdf Graphic file (type pdf)
 <use demo.pdf, page 8> [8 <./demo.pdf> <./demo.pdf>] <demo.pdf, id=70, page=24
, 523.9575pt x 686.565pt>
File: demo.pdf Graphic file (type pdf)

<use demo.pdf, page 24>
File: demo.pdf Graphic file (type pdf)
 <use demo.pdf, page 24>
<demo.pdf, id=71, page=9, 523.9575pt x 686.565pt>
File: demo.pdf Graphic file (type pdf)
 <use demo.pdf, page 9>
File: demo.pdf Graphic file (type pdf)

<use demo.pdf, page 9>
File: demo.pdf Graphic file (type pdf)
 <use demo.pdf, page 24>
File: demo.pdf Graphic file (type pdf)
 <use demo.pdf, page 9> [9 <./demo.pdf> <./demo.pdf>] <demo.pdf, id=75, page=23
, 523.9575pt x 686.565pt>
File: demo.pdf Graphic file (type pdf)

<use demo.pdf, page 23>
File: demo.pdf Graphic file (type pdf)
 <use demo.pdf, page 23>
<demo.pdf, id=76, page=10, 523.9575pt x 686.565pt>
File: demo.pdf Graphic file (type pdf)
 <use demo.pdf, page 10>
File: demo.pdf Graphic file (type pdf)

<use demo.pdf, page 10>
File: demo.pdf Graphic file (type pdf)
 <use demo.pdf, page 23>
File: demo.pdf Graphic file (type pdf)
 <use demo.pdf, page 10>
[10 <./demo.pdf> <./demo.pdf>]
<demo.pdf, id=80, page=22, 523.9575pt x 686.565pt>
File: demo.pdf Graphic file (type pdf)
 <use demo.pdf, page 22>
File: demo.pdf Graphic file (type pdf)

<use demo.pdf, page 22> <demo.pdf, id=81, page=11, 523.9575pt x 686.565pt>
File: demo.pdf Graphic file (type pdf)

<use demo.pdf, page 11>
File: demo.pdf Graphic file (type pdf)
 <use demo.pdf, page 11>
File: demo.pdf Graphic file (type pdf)
 <use demo.pdf, page 22>
File: demo.pdf Graphic file (type pdf)

<use demo.pdf, page 11> [11 <./demo.pdf> <./demo.pdf>]
<demo.pdf, id=85, page=21, 523.9575pt x 686.565pt>
File: demo.pdf Graphic file (type pdf)
 <use demo.pdf, page 21>
File: demo.pdf Graphic file (type pdf)

<use demo.pdf, page 21> <demo.pdf, id=86, page=12, 523.9575pt x 686.565pt>
File: demo.pdf Graphic file (type pdf)

<use demo.pdf, page 12>
File: demo.pdf Graphic file (type pdf)
 <use demo.pdf, page 12>
File: demo.pdf Graphic file (type pdf)
 <use demo.pdf, page 21>
File: demo.pdf Graphic file (type pdf)

<use demo.pdf, page 12> [12 <./demo.pdf> <./demo.pdf>]
<demo.pdf, id=90, page=20, 523.9575pt x 686.565pt>
File: demo.pdf Graphic file (type pdf)
 <use demo.pdf, page 20>
File: demo.pdf Graphic file (type pdf)

<use demo.pdf, page 20> <demo.pdf, id=91, page=13, 523.9575pt x 686.565pt>
File: demo.pdf Graphic file (type pdf)

<use demo.pdf, page 13>
File: demo.pdf Graphic file (type pdf)
 <use demo.pdf, page 13>
File: demo.pdf Graphic file (type pdf)
 <use demo.pdf, page 20>
File: demo.pdf Graphic file (type pdf)

<use demo.pdf, page 13> [13 <./demo.pdf> <./demo.pdf>]
<demo.pdf, id=96, page=19, 523.9575pt x 686.565pt>
File: demo.pdf Graphic file (type pdf)
 <use demo.pdf, page 19>
File: demo.pdf Graphic file (type pdf)

<use demo.pdf, page 19> <demo.pdf, id=97, page=14, 523.9575pt x 686.565pt>
File: demo.pdf Graphic file (type pdf)

<use demo.pdf, page 14>
File: demo.pdf Graphic file (type pdf)
 <use demo.pdf, page 14>
File: demo.pdf Graphic file (type pdf)
 <use demo.pdf, page 19>
File: demo.pdf Graphic file (type pdf)

<use demo.pdf, page 14> [14 <./demo.pdf> <./demo.pdf>]
<demo.pdf, id=101, page=18, 523.9575pt x 686.565pt>
File: demo.pdf Graphic file (type pdf)
 <use demo.pdf, page 18>
File: demo.pdf Graphic file (type pdf)

<use demo.pdf, page 18> <demo.pdf, id=102, page=15, 523.9575pt x 686.565pt>
File: demo.pdf Graphic file (type pdf)

<use demo.pdf, page 15>
File: demo.pdf Graphic file (type pdf)
 <use demo.pdf, page 15>
File: demo.pdf Graphic file (type pdf)
 <use demo.pdf, page 18>
File: demo.pdf Graphic file (type pdf)

<use demo.pdf, page 15> [15 <./demo.pdf> <./demo.pdf>]
<demo.pdf, id=106, page=17, 523.9575pt x 686.565pt>
File: demo.pdf Graphic file (type pdf)
 <use demo.pdf, page 17>
File: demo.pdf Graphic file (type pdf)

<use demo.pdf, page 17> <demo.pdf, id=107, page=16, 523.9575pt x 686.565pt>
File: demo.pdf Graphic file (type pdf)

<use demo.pdf, page 16>
File: demo.pdf Graphic file (type pdf)
 <use demo.pdf, page 16>
File: demo.pdf Graphic file (type pdf)
 <use demo.pdf, page 17>
File: demo.pdf Graphic file (type pdf)

<use demo.pdf, page 16> [16 <./demo.pdf> <./demo.pdf>]
<demo.pdf, id=111, page=64, 523.9575pt x 686.565pt>
File: demo.pdf Graphic file (type pdf)
 <use demo.pdf, page 64>
File: demo.pdf Graphic file (type pdf)

<use demo.pdf, page 64> <demo.pdf, id=112, page=33, 523.9575pt x 686.565pt>
File: demo.pdf Graphic file (type pdf)

<use demo.pdf, page 33>
File: demo.pdf Graphic file (type pdf)
 <use demo.pdf, page 33>
File: demo.pdf Graphic file (type pdf)
 <use demo.pdf, page 64>
File: demo.pdf Graphic file (type pdf)

<use demo.pdf, page 33> [17 <./demo.pdf> <./demo.pdf>]
<demo.pdf, id=116, page=63, 523.9575pt x 686.565pt>
File: demo.pdf Graphic file (type pdf)
 <use demo.pdf, page 63>
File: demo.pdf Graphic file (type pdf)

<use demo.pdf, page 63> <demo.pdf, id=117, page=34, 523.9575pt x 686.565pt>
File: demo.pdf Graphic file (type pdf)

<use demo.pdf, page 34>
File: demo.pdf Graphic file (type pdf)
 <use demo.pdf, page 34>
File: demo.pdf Graphic file (type pdf)
 <use demo.pdf, page 63>
File: demo.pdf Graphic file (type pdf)

<use demo.pdf, page 34> [18 <./demo.pdf> <./demo.pdf>]
<demo.pdf, id=121, page=62, 523.9575pt x 686.565pt>
File: demo.pdf Graphic file (type pdf)
 <use demo.pdf, page 62>
File: demo.pdf Graphic file (type pdf)

<use demo.pdf, page 62> <demo.pdf, id=122, page=35, 523.9575pt x 686.565pt>
File: demo.pdf Graphic file (type pdf)

<use demo.pdf, page 35>
File: demo.pdf Graphic file (type pdf)
 <use demo.pdf, page 35>
File: demo.pdf Graphic file (type pdf)
 <use demo.pdf, page 62>
File: demo.pdf Graphic file (type pdf)

<use demo.pdf, page 35> [19 <./demo.pdf> <./demo.pdf>]
<demo.pdf, id=127, page=61, 523.9575pt x 686.565pt>
File: demo.pdf Graphic file (type pdf)
 <use demo.pdf, page 61>
File: demo.pdf Graphic file (type pdf)

<use demo.pdf, page 61> <demo.pdf, id=128, page=36, 523.9575pt x 686.565pt>
File: demo.pdf Graphic file (type pdf)

<use demo.pdf, page 36>
File: demo.pdf Graphic file (type pdf)
 <use demo.pdf, page 36>
File: demo.pdf Graphic file (type pdf)
 <use demo.pdf, page 61>
File: demo.pdf Graphic file (type pdf)

<use demo.pdf, page 36> [20 <./demo.pdf> <./demo.pdf>]
<demo.pdf, id=132, page=60, 523.9575pt x 686.565pt>
File: demo.pdf Graphic file (type pdf)
 <use demo.pdf, page 60>
File: demo.pdf Graphic file (type pdf)

<use demo.pdf, page 60> <demo.pdf, id=133, page=37, 523.9575pt x 686.565pt>
File: demo.pdf Graphic file (type pdf)

<use demo.pdf, page 37>
File: demo.pdf Graphic file (type pdf)
 <use demo.pdf, page 37>
File: demo.pdf Graphic file (type pdf)
 <use demo.pdf, page 60>
File: demo.pdf Graphic file (type pdf)

<use demo.pdf, page 37> [21 <./demo.pdf> <./demo.pdf>]
<demo.pdf, id=137, page=59, 523.9575pt x 686.565pt>
File: demo.pdf Graphic file (type pdf)
 <use demo.pdf, page 59>
File: demo.pdf Graphic file (type pdf)

<use demo.pdf, page 59> <demo.pdf, id=138, page=38, 523.9575pt x 686.565pt>
File: demo.pdf Graphic file (type pdf)

<use demo.pdf, page 38>
File: demo.pdf Graphic file (type pdf)
 <use demo.pdf, page 38>
File: demo.pdf Graphic file (type pdf)
 <use demo.pdf, page 59>
File: demo.pdf Graphic file (type pdf)

<use demo.pdf, page 38> [22 <./demo.pdf> <./demo.pdf>]
<demo.pdf, id=142, page=58, 523.9575pt x 686.565pt>
File: demo.pdf Graphic file (type pdf)
 <use demo.pdf, page 58>
File: demo.pdf Graphic file (type pdf)

<use demo.pdf, page 58> <demo.pdf, id=143, page=39, 523.9575pt x 686.565pt>
File: demo.pdf Graphic file (type pdf)

<use demo.pdf, page 39>
File: demo.pdf Graphic file (type pdf)
 <use demo.pdf, page 39>
File: demo.pdf Graphic file (type pdf)
 <use demo.pdf, page 58>
File: demo.pdf Graphic file (type pdf)

<use demo.pdf, page 39> [23 <./demo.pdf> <./demo.pdf>]
<demo.pdf, id=147, page=57, 523.9575pt x 686.565pt>
File: demo.pdf Graphic file (type pdf)
 <use demo.pdf, page 57>
File: demo.pdf Graphic file (type pdf)

<use demo.pdf, page 57> <demo.pdf, id=148, page=40, 523.9575pt x 686.565pt>
File: demo.pdf Graphic file (type pdf)

<use demo.pdf, page 40>
File: demo.pdf Graphic file (type pdf)
 <use demo.pdf, page 40>
File: demo.pdf Graphic file (type pdf)
 <use demo.pdf, page 57>
File: demo.pdf Graphic file (type pdf)

<use demo.pdf, page 40> [24 <./demo.pdf> <./demo.pdf>]
<demo.pdf, id=152, page=56, 523.9575pt x 686.565pt>
File: demo.pdf Graphic file (type pdf)
 <use demo.pdf, page 56>
File: demo.pdf Graphic file (type pdf)

<use demo.pdf, page 56> <demo.pdf, id=153, page=41, 523.9575pt x 686.565pt>
File: demo.pdf Graphic file (type pdf)

<use demo.pdf, page 41>
File: demo.pdf Graphic file (type pdf)
 <use demo.pdf, page 41>
File: demo.pdf Graphic file (type pdf)
 <use demo.pdf, page 56>
File: demo.pdf Graphic file (type pdf)

<use demo.pdf, page 41> [25 <./demo.pdf> <./demo.pdf>]
<demo.pdf, id=158, page=55, 523.9575pt x 686.565pt>
File: demo.pdf Graphic file (type pdf)
 <use demo.pdf, page 55>
File: demo.pdf Graphic file (type pdf)

<use demo.pdf, page 55> <demo.pdf, id=159, page=42, 523.9575pt x 686.565pt>
File: demo.pdf Graphic file (type pdf)

<use demo.pdf, page 42>
File: demo.pdf Graphic file (type pdf)
 <use demo.pdf, page 42>
File: demo.pdf Graphic file (type pdf)
 <use demo.pdf, page 55>
File: demo.pdf Graphic file (type pdf)

<use demo.pdf, page 42> [26 <./demo.pdf> <./demo.pdf>]
<demo.pdf, id=163, page=54, 523.9575pt x 686.565pt>
File: demo.pdf Graphic file (type pdf)
 <use demo.pdf, page 54>
File: demo.pdf Graphic file (type pdf)

<use demo.pdf, page 54> <demo.pdf, id=164, page=43, 523.9575pt x 686.565pt>
File: demo.pdf Graphic file (type pdf)

<use demo.pdf, page 43>
File: demo.pdf Graphic file (type pdf)
 <use demo.pdf, page 43>
File: demo.pdf Graphic file (type pdf)
 <use demo.pdf, page 54>
File: demo.pdf Graphic file (type pdf)

<use demo.pdf, page 43> [27 <./demo.pdf> <./demo.pdf>]
<demo.pdf, id=168, page=53, 523.9575pt x 686.565pt>
File: demo.pdf Graphic file (type pdf)
 <use demo.pdf, page 53>
File: demo.pdf Graphic file (type pdf)

<use demo.pdf, page 53> <demo.pdf, id=169, page=44, 523.9575pt x 686.565pt>
File: demo.pdf Graphic file (type pdf)

<use demo.pdf, page 44>
File: demo.pdf Graphic file (type pdf)
 <use demo.pdf, page 44>
File: demo.pdf Graphic file (type pdf)
 <use demo.pdf, page 53>
File: demo.pdf Graphic file (type pdf)

<use demo.pdf, page 44> [28 <./demo.pdf> <./demo.pdf>]
<demo.pdf, id=173, page=52, 523.9575pt x 686.565pt>
File: demo.pdf Graphic file (type pdf)
 <use demo.pdf, page 52>
File: demo.pdf Graphic file (type pdf)

<use demo.pdf, page 52> <demo.pdf, id=174, page=45, 523.9575pt x 686.565pt>
File: demo.pdf Graphic file (type pdf)

<use demo.pdf, page 45>
File: demo.pdf Graphic file (type pdf)
 <use demo.pdf, page 45>
File: demo.pdf Graphic file (type pdf)
 <use demo.pdf, page 52>
File: demo.pdf Graphic file (type pdf)

<use demo.pdf, page 45> [29 <./demo.pdf> <./demo.pdf>]
<demo.pdf, id=178, page=51, 523.9575pt x 686.565pt>
File: demo.pdf Graphic file (type pdf)
 <use demo.pdf, page 51>
File: demo.pdf Graphic file (type pdf)

<use demo.pdf, page 51> <demo.pdf, id=179, page=46, 523.9575pt x 686.565pt>
File: demo.pdf Graphic file (type pdf)

<use demo.pdf, page 46>
File: demo.pdf Graphic file (type pdf)
 <use demo.pdf, page 46>
File: demo.pdf Graphic file (type pdf)
 <use demo.pdf, page 51>
File: demo.pdf Graphic file (type pdf)

<use demo.pdf, page 46> [30 <./demo.pdf> <./demo.pdf>]
<demo.pdf, id=183, page=50, 523.9575pt x 686.565pt>
File: demo.pdf Graphic file (type pdf)
 <use demo.pdf, page 50>
File: demo.pdf Graphic file (type pdf)

<use demo.pdf, page 50> <demo.pdf, id=184, page=47, 523.9575pt x 686.565pt>
File: demo.pdf Graphic file (type pdf)

<use demo.pdf, page 47>
File: demo.pdf Graphic file (type pdf)
 <use demo.pdf, page 47>
File: demo.pdf Graphic file (type pdf)
 <use demo.pdf, page 50>
File: demo.pdf Graphic file (type pdf)

<use demo.pdf, page 47> [31 <./demo.pdf> <./demo.pdf>]
<demo.pdf, id=189, page=49, 523.9575pt x 686.565pt>
File: demo.pdf Graphic file (type pdf)
 <use demo.pdf, page 49>
File: demo.pdf Graphic file (type pdf)

<use demo.pdf, page 49> <demo.pdf, id=190, page=48, 523.9575pt x 686.565pt>
File: demo.pdf Graphic file (type pdf)

<use demo.pdf, page 48>
File: demo.pdf Graphic file (type pdf)
 <use demo.pdf, page 48>
File: demo.pdf Graphic file (type pdf)
 <use demo.pdf, page 49>
File: demo.pdf Graphic file (type pdf)

<use demo.pdf, page 48> [32 <./demo.pdf> <./demo.pdf>]
<demo.pdf, id=194, page=96, 523.9575pt x 686.565pt>
File: demo.pdf Graphic file (type pdf)
 <use demo.pdf, page 96>
File: demo.pdf Graphic file (type pdf)

<use demo.pdf, page 96> <demo.pdf, id=195, page=65, 523.9575pt x 686.565pt>
File: demo.pdf Graphic file (type pdf)

<use demo.pdf, page 65>
File: demo.pdf Graphic file (type pdf)
 <use demo.pdf, page 65>
File: demo.pdf Graphic file (type pdf)
 <use demo.pdf, page 96>
File: demo.pdf Graphic file (type pdf)

<use demo.pdf, page 65> [33 <./demo.pdf> <./demo.pdf>]
<demo.pdf, id=199, page=95, 523.9575pt x 686.565pt>
File: demo.pdf Graphic file (type pdf)
 <use demo.pdf, page 95>
File: demo.pdf Graphic file (type pdf)

<use demo.pdf, page 95> <demo.pdf, id=200, page=66, 523.9575pt x 686.565pt>
File: demo.pdf Graphic file (type pdf)

<use demo.pdf, page 66>
File: demo.pdf Graphic file (type pdf)
 <use demo.pdf, page 66>
File: demo.pdf Graphic file (type pdf)
 <use demo.pdf, page 95>
File: demo.pdf Graphic file (type pdf)

<use demo.pdf, page 66> [34 <./demo.pdf> <./demo.pdf>]
<demo.pdf, id=204, page=94, 523.9575pt x 686.565pt>
File: demo.pdf Graphic file (type pdf)
 <use demo.pdf, page 94>
File: demo.pdf Graphic file (type pdf)

<use demo.pdf, page 94> <demo.pdf, id=205, page=67, 523.9575pt x 686.565pt>
File: demo.pdf Graphic file (type pdf)

<use demo.pdf, page 67>
File: demo.pdf Graphic file (type pdf)
 <use demo.pdf, page 67>
File: demo.pdf Graphic file (type pdf)
 <use demo.pdf, page 94>
File: demo.pdf Graphic file (type pdf)

<use demo.pdf, page 67> [35 <./demo.pdf> <./demo.pdf>]
<demo.pdf, id=209, page=93, 523.9575pt x 686.565pt>
File: demo.pdf Graphic file (type pdf)
 <use demo.pdf, page 93>
File: demo.pdf Graphic file (type pdf)

<use demo.pdf, page 93> <demo.pdf, id=210, page=68, 523.9575pt x 686.565pt>
File: demo.pdf Graphic file (type pdf)

<use demo.pdf, page 68>
File: demo.pdf Graphic file (type pdf)
 <use demo.pdf, page 68>
File: demo.pdf Graphic file (type pdf)
 <use demo.pdf, page 93>
File: demo.pdf Graphic file (type pdf)

<use demo.pdf, page 68> [36 <./demo.pdf> <./demo.pdf>]
<demo.pdf, id=214, page=92, 523.9575pt x 686.565pt>
File: demo.pdf Graphic file (type pdf)
 <use demo.pdf, page 92>
File: demo.pdf Graphic file (type pdf)

<use demo.pdf, page 92> <demo.pdf, id=215, page=69, 523.9575pt x 686.565pt>
File: demo.pdf Graphic file (type pdf)

<use demo.pdf, page 69>
File: demo.pdf Graphic file (type pdf)
 <use demo.pdf, page 69>
File: demo.pdf Graphic file (type pdf)
 <use demo.pdf, page 92>
File: demo.pdf Graphic file (type pdf)

<use demo.pdf, page 69> [37 <./demo.pdf> <./demo.pdf>]
<demo.pdf, id=220, page=91, 523.9575pt x 686.565pt>
File: demo.pdf Graphic file (type pdf)
 <use demo.pdf, page 91>
File: demo.pdf Graphic file (type pdf)

<use demo.pdf, page 91> <demo.pdf, id=221, page=70, 523.9575pt x 686.565pt>
File: demo.pdf Graphic file (type pdf)

<use demo.pdf, page 70>
File: demo.pdf Graphic file (type pdf)
 <use demo.pdf, page 70>
File: demo.pdf Graphic file (type pdf)
 <use demo.pdf, page 91>
File: demo.pdf Graphic file (type pdf)

<use demo.pdf, page 70> [38 <./demo.pdf> <./demo.pdf>]
<demo.pdf, id=225, page=90, 523.9575pt x 686.565pt>
File: demo.pdf Graphic file (type pdf)
 <use demo.pdf, page 90>
File: demo.pdf Graphic file (type pdf)

<use demo.pdf, page 90> <demo.pdf, id=226, page=71, 523.9575pt x 686.565pt>
File: demo.pdf Graphic file (type pdf)

<use demo.pdf, page 71>
File: demo.pdf Graphic file (type pdf)
 <use demo.pdf, page 71>
File: demo.pdf Graphic file (type pdf)
 <use demo.pdf, page 90>
File: demo.pdf Graphic file (type pdf)

<use demo.pdf, page 71> [39 <./demo.pdf> <./demo.pdf>]
<demo.pdf, id=230, page=89, 523.9575pt x 686.565pt>
File: demo.pdf Graphic file (type pdf)
 <use demo.pdf, page 89>
File: demo.pdf Graphic file (type pdf)

<use demo.pdf, page 89> <demo.pdf, id=231, page=72, 523.9575pt x 686.565pt>
File: demo.pdf Graphic file (type pdf)

<use demo.pdf, page 72>
File: demo.pdf Graphic file (type pdf)
 <use demo.pdf, page 72>
File: demo.pdf Graphic file (type pdf)
 <use demo.pdf, page 89>
File: demo.pdf Graphic file (type pdf)

<use demo.pdf, page 72> [40 <./demo.pdf> <./demo.pdf>]
<demo.pdf, id=235, page=88, 523.9575pt x 686.565pt>
File: demo.pdf Graphic file (type pdf)
 <use demo.pdf, page 88>
File: demo.pdf Graphic file (type pdf)

<use demo.pdf, page 88> <demo.pdf, id=236, page=73, 523.9575pt x 686.565pt>
File: demo.pdf Graphic file (type pdf)

<use demo.pdf, page 73>
File: demo.pdf Graphic file (type pdf)
 <use demo.pdf, page 73>
File: demo.pdf Graphic file (type pdf)
 <use demo.pdf, page 88>
File: demo.pdf Graphic file (type pdf)

<use demo.pdf, page 73> [41 <./demo.pdf> <./demo.pdf>]
<demo.pdf, id=240, page=87, 523.9575pt x 686.565pt>
File: demo.pdf Graphic file (type pdf)
 <use demo.pdf, page 87>
File: demo.pdf Graphic file (type pdf)

<use demo.pdf, page 87> <demo.pdf, id=241, page=74, 523.9575pt x 686.565pt>
File: demo.pdf Graphic file (type pdf)

<use demo.pdf, page 74>
File: demo.pdf Graphic file (type pdf)
 <use demo.pdf, page 74>
File: demo.pdf Graphic file (type pdf)
 <use demo.pdf, page 87>
File: demo.pdf Graphic file (type pdf)

<use demo.pdf, page 74> [42 <./demo.pdf> <./demo.pdf>]
<demo.pdf, id=245, page=86, 523.9575pt x 686.565pt>
File: demo.pdf Graphic file (type pdf)
 <use demo.pdf, page 86>
File: demo.pdf Graphic file (type pdf)

<use demo.pdf, page 86> <demo.pdf, id=246, page=75, 523.9575pt x 686.565pt>
File: demo.pdf Graphic file (type pdf)

<use demo.pdf, page 75>
File: demo.pdf Graphic file (type pdf)
 <use demo.pdf, page 75>
File: demo.pdf Graphic file (type pdf)
 <use demo.pdf, page 86>
File: demo.pdf Graphic file (type pdf)

<use demo.pdf, page 75> [43 <./demo.pdf> <./demo.pdf>]
<demo.pdf, id=251, page=85, 523.9575pt x 686.565pt>
File: demo.pdf Graphic file (type pdf)
 <use demo.pdf, page 85>
File: demo.pdf Graphic file (type pdf)

<use demo.pdf, page 85> <demo.pdf, id=252, page=76, 523.9575pt x 686.565pt>
File: demo.pdf Graphic file (type pdf)

<use demo.pdf, page 76>
File: demo.pdf Graphic file (type pdf)
 <use demo.pdf, page 76>
File: demo.pdf Graphic file (type pdf)
 <use demo.pdf, page 85>
File: demo.pdf Graphic file (type pdf)

<use demo.pdf, page 76> [44 <./demo.pdf> <./demo.pdf>]
<demo.pdf, id=256, page=84, 523.9575pt x 686.565pt>
File: demo.pdf Graphic file (type pdf)
 <use demo.pdf, page 84>
File: demo.pdf Graphic file (type pdf)

<use demo.pdf, page 84> <demo.pdf, id=257, page=77, 523.9575pt x 686.565pt>
File: demo.pdf Graphic file (type pdf)

<use demo.pdf, page 77>
File: demo.pdf Graphic file (type pdf)
 <use demo.pdf, page 77>
File: demo.pdf Graphic file (type pdf)
 <use demo.pdf, page 84>
File: demo.pdf Graphic file (type pdf)

<use demo.pdf, page 77> [45 <./demo.pdf> <./demo.pdf>]
<demo.pdf, id=261, page=83, 523.9575pt x 686.565pt>
File: demo.pdf Graphic file (type pdf)
 <use demo.pdf, page 83>
File: demo.pdf Graphic file (type pdf)

<use demo.pdf, page 83> <demo.pdf, id=262, page=78, 523.9575pt x 686.565pt>
File: demo.pdf Graphic file (type pdf)

<use demo.pdf, page 78>
File: demo.pdf Graphic file (type pdf)
 <use demo.pdf, page 78>
File: demo.pdf Graphic file (type pdf)
 <use demo.pdf, page 83>
File: demo.pdf Graphic file (type pdf)

<use demo.pdf, page 78> [46 <./demo.pdf> <./demo.pdf>]
<demo.pdf, id=266, page=82, 523.9575pt x 686.565pt>
File: demo.pdf Graphic file (type pdf)
 <use demo.pdf, page 82>
File: demo.pdf Graphic file (type pdf)

<use demo.pdf, page 82> <demo.pdf, id=267, page=79, 523.9575pt x 686.565pt>
File: demo.pdf Graphic file (type pdf)

<use demo.pdf, page 79>
File: demo.pdf Graphic file (type pdf)
 <use demo.pdf, page 79>
File: demo.pdf Graphic file (type pdf)
 <use demo.pdf, page 82>
File: demo.pdf Graphic file (type pdf)

<use demo.pdf, page 79> [47 <./demo.pdf> <./demo.pdf>]
<demo.pdf, id=271, page=81, 523.9575pt x 686.565pt>
File: demo.pdf Graphic file (type pdf)
 <use demo.pdf, page 81>
File: demo.pdf Graphic file (type pdf)

<use demo.pdf, page 81> <demo.pdf, id=272, page=80, 523.9575pt x 686.565pt>
File: demo.pdf Graphic file (type pdf)

<use demo.pdf, page 80>
File: demo.pdf Graphic file (type pdf)
 <use demo.pdf, page 80>
File: demo.pdf Graphic file (type pdf)
 <use demo.pdf, page 81>
File: demo.pdf Graphic file (type pdf)

<use demo.pdf, page 80> [48 <./demo.pdf> <./demo.pdf>]
<demo.pdf, id=276, page=128, 523.9575pt x 686.565pt>
File: demo.pdf Graphic file (type pdf)
 <use demo.pdf, page 128>
File: demo.pdf Graphic file (type pdf)

<use demo.pdf, page 128> <demo.pdf, id=277, page=97, 523.9575pt x 686.565pt>
File: demo.pdf Graphic file (type pdf)

<use demo.pdf, page 97>
File: demo.pdf Graphic file (type pdf)
 <use demo.pdf, page 97>
File: demo.pdf Graphic file (type pdf)
 <use demo.pdf, page 128>
File: demo.pdf Graphic file (type pdf)

<use demo.pdf, page 97> [49 <./demo.pdf> <./demo.pdf>]
<demo.pdf, id=282, page=127, 523.9575pt x 686.565pt>
File: demo.pdf Graphic file (type pdf)
 <use demo.pdf, page 127>
File: demo.pdf Graphic file (type pdf)

<use demo.pdf, page 127> <demo.pdf, id=283, page=98, 523.9575pt x 686.565pt>
File: demo.pdf Graphic file (type pdf)

<use demo.pdf, page 98>
File: demo.pdf Graphic file (type pdf)
 <use demo.pdf, page 98>
File: demo.pdf Graphic file (type pdf)
 <use demo.pdf, page 127>
File: demo.pdf Graphic file (type pdf)

<use demo.pdf, page 98> [50 <./demo.pdf> <./demo.pdf>]
<demo.pdf, id=287, page=126, 523.9575pt x 686.565pt>
File: demo.pdf Graphic file (type pdf)
 <use demo.pdf, page 126>
File: demo.pdf Graphic file (type pdf)

<use demo.pdf, page 126> <demo.pdf, id=288, page=99, 523.9575pt x 686.565pt>
File: demo.pdf Graphic file (type pdf)

<use demo.pdf, page 99>
File: demo.pdf Graphic file (type pdf)
 <use demo.pdf, page 99>
File: demo.pdf Graphic file (type pdf)
 <use demo.pdf, page 126>
File: demo.pdf Graphic file (type pdf)

<use demo.pdf, page 99> [51 <./demo.pdf> <./demo.pdf>]
<demo.pdf, id=292, page=125, 523.9575pt x 686.565pt>
File: demo.pdf Graphic file (type pdf)
 <use demo.pdf, page 125>
File: demo.pdf Graphic file (type pdf)

<use demo.pdf, page 125> <demo.pdf, id=293, page=100, 523.9575pt x 686.565pt>
File: demo.pdf Graphic file (type pdf)

<use demo.pdf, page 100>
File: demo.pdf Graphic file (type pdf)
 <use demo.pdf, page 100>
File: demo.pdf Graphic file (type pdf)
 <use demo.pdf, page 125>
File: demo.pdf Graphic file (type pdf)

<use demo.pdf, page 100> [52 <./demo.pdf> <./demo.pdf>]
<demo.pdf, id=297, page=124, 523.9575pt x 686.565pt>
File: demo.pdf Graphic file (type pdf)
 <use demo.pdf, page 124>
File: demo.pdf Graphic file (type pdf)

<use demo.pdf, page 124> <demo.pdf, id=298, page=101, 523.9575pt x 686.565pt>
File: demo.pdf Graphic file (type pdf)

<use demo.pdf, page 101>
File: demo.pdf Graphic file (type pdf)
 <use demo.pdf, page 101>
File: demo.pdf Graphic file (type pdf)
 <use demo.pdf, page 124>
File: demo.pdf Graphic file (type pdf)

<use demo.pdf, page 101> [53 <./demo.pdf> <./demo.pdf>]
<demo.pdf, id=302, page=123, 523.9575pt x 686.565pt>
File: demo.pdf Graphic file (type pdf)
 <use demo.pdf, page 123>
File: demo.pdf Graphic file (type pdf)

<use demo.pdf, page 123> <demo.pdf, id=303, page=102, 523.9575pt x 686.565pt>
File: demo.pdf Graphic file (type pdf)

<use demo.pdf, page 102>
File: demo.pdf Graphic file (type pdf)
 <use demo.pdf, page 102>
File: demo.pdf Graphic file (type pdf)
 <use demo.pdf, page 123>
File: demo.pdf Graphic file (type pdf)

<use demo.pdf, page 102> [54 <./demo.pdf> <./demo.pdf>]
<demo.pdf, id=307, page=122, 523.9575pt x 686.565pt>
File: demo.pdf Graphic file (type pdf)
 <use demo.pdf, page 122>
File: demo.pdf Graphic file (type pdf)

<use demo.pdf, page 122> <demo.pdf, id=308, page=103, 523.9575pt x 686.565pt>
File: demo.pdf Graphic file (type pdf)

<use demo.pdf, page 103>
File: demo.pdf Graphic file (type pdf)
 <use demo.pdf, page 103>
File: demo.pdf Graphic file (type pdf)
 <use demo.pdf, page 122>
File: demo.pdf Graphic file (type pdf)

<use demo.pdf, page 103> [55 <./demo.pdf> <./demo.pdf>]
<demo.pdf, id=313, page=121, 523.9575pt x 686.565pt>
File: demo.pdf Graphic file (type pdf)
 <use demo.pdf, page 121>
File: demo.pdf Graphic file (type pdf)

<use demo.pdf, page 121> <demo.pdf, id=314, page=104, 523.9575pt x 686.565pt>
File: demo.pdf Graphic file (type pdf)

<use demo.pdf, page 104>
File: demo.pdf Graphic file (type pdf)
 <use demo.pdf, page 104>
File: demo.pdf Graphic file (type pdf)
 <use demo.pdf, page 121>
File: demo.pdf Graphic file (type pdf)

<use demo.pdf, page 104> [56 <./demo.pdf> <./demo.pdf>]
<demo.pdf, id=318, page=120, 523.9575pt x 686.565pt>
File: demo.pdf Graphic file (type pdf)
 <use demo.pdf, page 120>
File: demo.pdf Graphic file (type pdf)

<use demo.pdf, page 120> <demo.pdf, id=319, page=105, 523.9575pt x 686.565pt>
File: demo.pdf Graphic file (type pdf)

<use demo.pdf, page 105>
File: demo.pdf Graphic file (type pdf)
 <use demo.pdf, page 105>
File: demo.pdf Graphic file (type pdf)
 <use demo.pdf, page 120>
File: demo.pdf Graphic file (type pdf)

<use demo.pdf, page 105> [57 <./demo.pdf> <./demo.pdf>]
<demo.pdf, id=323, page=119, 523.9575pt x 686.565pt>
File: demo.pdf Graphic file (type pdf)
 <use demo.pdf, page 119>
File: demo.pdf Graphic file (type pdf)

<use demo.pdf, page 119> <demo.pdf, id=324, page=106, 523.9575pt x 686.565pt>
File: demo.pdf Graphic file (type pdf)

<use demo.pdf, page 106>
File: demo.pdf Graphic file (type pdf)
 <use demo.pdf, page 106>
File: demo.pdf Graphic file (type pdf)
 <use demo.pdf, page 119>
File: demo.pdf Graphic file (type pdf)

<use demo.pdf, page 106> [58 <./demo.pdf> <./demo.pdf>]
<demo.pdf, id=328, page=118, 523.9575pt x 686.565pt>
File: demo.pdf Graphic file (type pdf)
 <use demo.pdf, page 118>
File: demo.pdf Graphic file (type pdf)

<use demo.pdf, page 118> <demo.pdf, id=329, page=107, 523.9575pt x 686.565pt>
File: demo.pdf Graphic file (type pdf)

<use demo.pdf, page 107>
File: demo.pdf Graphic file (type pdf)
 <use demo.pdf, page 107>
File: demo.pdf Graphic file (type pdf)
 <use demo.pdf, page 118>
File: demo.pdf Graphic file (type pdf)

<use demo.pdf, page 107> [59 <./demo.pdf> <./demo.pdf>]
<demo.pdf, id=333, page=117, 523.9575pt x 686.565pt>
File: demo.pdf Graphic file (type pdf)
 <use demo.pdf, page 117>
File: demo.pdf Graphic file (type pdf)

<use demo.pdf, page 117> <demo.pdf, id=334, page=108, 523.9575pt x 686.565pt>
File: demo.pdf Graphic file (type pdf)

<use demo.pdf, page 108>
File: demo.pdf Graphic file (type pdf)
 <use demo.pdf, page 108>
File: demo.pdf Graphic file (type pdf)
 <use demo.pdf, page 117>
File: demo.pdf Graphic file (type pdf)

<use demo.pdf, page 108> [60 <./demo.pdf> <./demo.pdf>]
<demo.pdf, id=338, page=116, 523.9575pt x 686.565pt>
File: demo.pdf Graphic file (type pdf)
 <use demo.pdf, page 116>
File: demo.pdf Graphic file (type pdf)

<use demo.pdf, page 116> <demo.pdf, id=339, page=109, 523.9575pt x 686.565pt>
File: demo.pdf Graphic file (type pdf)

<use demo.pdf, page 109>
File: demo.pdf Graphic file (type pdf)
 <use demo.pdf, page 109>
File: demo.pdf Graphic file (type pdf)
 <use demo.pdf, page 116>
File: demo.pdf Graphic file (type pdf)

<use demo.pdf, page 109> [61 <./demo.pdf> <./demo.pdf>]
<demo.pdf, id=344, page=115, 523.9575pt x 686.565pt>
File: demo.pdf Graphic file (type pdf)
 <use demo.pdf, page 115>
File: demo.pdf Graphic file (type pdf)

<use demo.pdf, page 115> <demo.pdf, id=345, page=110, 523.9575pt x 686.565pt>
File: demo.pdf Graphic file (type pdf)

<use demo.pdf, page 110>
File: demo.pdf Graphic file (type pdf)
 <use demo.pdf, page 110>
File: demo.pdf Graphic file (type pdf)
 <use demo.pdf, page 115>
File: demo.pdf Graphic file (type pdf)

<use demo.pdf, page 110> [62 <./demo.pdf> <./demo.pdf>]
<demo.pdf, id=349, page=114, 523.9575pt x 686.565pt>
File: demo.pdf Graphic file (type pdf)
 <use demo.pdf, page 114>
File: demo.pdf Graphic file (type pdf)

<use demo.pdf, page 114> <demo.pdf, id=350, page=111, 523.9575pt x 686.565pt>
File: demo.pdf Graphic file (type pdf)

<use demo.pdf, page 111>
File: demo.pdf Graphic file (type pdf)
 <use demo.pdf, page 111>
File: demo.pdf Graphic file (type pdf)
 <use demo.pdf, page 114>
File: demo.pdf Graphic file (type pdf)

<use demo.pdf, page 111> [63 <./demo.pdf> <./demo.pdf>]
<demo.pdf, id=354, page=113, 523.9575pt x 686.565pt>
File: demo.pdf Graphic file (type pdf)
 <use demo.pdf, page 113>
File: demo.pdf Graphic file (type pdf)

<use demo.pdf, page 113> <demo.pdf, id=355, page=112, 523.9575pt x 686.565pt>
File: demo.pdf Graphic file (type pdf)

<use demo.pdf, page 112>
File: demo.pdf Graphic file (type pdf)
 <use demo.pdf, page 112>
File: demo.pdf Graphic file (type pdf)
 <use demo.pdf, page 113>
File: demo.pdf Graphic file (type pdf)

<use demo.pdf, page 112> [64 <./demo.pdf> <./demo.pdf>]
<demo.pdf, id=359, page=160, 523.9575pt x 686.565pt>
File: demo.pdf Graphic file (type pdf)
 <use demo.pdf, page 160>
File: demo.pdf Graphic file (type pdf)

<use demo.pdf, page 160> <demo.pdf, id=360, page=129, 523.9575pt x 686.565pt>
File: demo.pdf Graphic file (type pdf)

<use demo.pdf, page 129>
File: demo.pdf Graphic file (type pdf)
 <use demo.pdf, page 129>
File: demo.pdf Graphic file (type pdf)
 <use demo.pdf, page 160>
File: demo.pdf Graphic file (type pdf)

<use demo.pdf, page 129> [65 <./demo.pdf> <./demo.pdf>]
<demo.pdf, id=364, page=159, 523.9575pt x 686.565pt>
File: demo.pdf Graphic file (type pdf)
 <use demo.pdf, page 159>
File: demo.pdf Graphic file (type pdf)

<use demo.pdf, page 159> <demo.pdf, id=365, page=130, 523.9575pt x 686.565pt>
File: demo.pdf Graphic file (type pdf)

<use demo.pdf, page 130>
File: demo.pdf Graphic file (type pdf)
 <use demo.pdf, page 130>
File: demo.pdf Graphic file (type pdf)
 <use demo.pdf, page 159>
File: demo.pdf Graphic file (type pdf)

<use demo.pdf, page 130> [66 <./demo.pdf> <./demo.pdf>]
<demo.pdf, id=369, page=158, 523.9575pt x 686.565pt>
File: demo.pdf Graphic file (type pdf)
 <use demo.pdf, page 158>
File: demo.pdf Graphic file (type pdf)

<use demo.pdf, page 158> <demo.pdf, id=370, page=131, 523.9575pt x 686.565pt>
File: demo.pdf Graphic file (type pdf)

<use demo.pdf, page 131>
File: demo.pdf Graphic file (type pdf)
 <use demo.pdf, page 131>
File: demo.pdf Graphic file (type pdf)
 <use demo.pdf, page 158>
File: demo.pdf Graphic file (type pdf)

<use demo.pdf, page 131> [67 <./demo.pdf> <./demo.pdf>]
<demo.pdf, id=375, page=157, 523.9575pt x 686.565pt>
File: demo.pdf Graphic file (type pdf)
 <use demo.pdf, page 157>
File: demo.pdf Graphic file (type pdf)

<use demo.pdf, page 157> <demo.pdf, id=376, page=132, 523.9575pt x 686.565pt>
File: demo.pdf Graphic file (type pdf)

<use demo.pdf, page 132>
File: demo.pdf Graphic file (type pdf)
 <use demo.pdf, page 132>
File: demo.pdf Graphic file (type pdf)
 <use demo.pdf, page 157>
File: demo.pdf Graphic file (type pdf)

<use demo.pdf, page 132> [68 <./demo.pdf> <./demo.pdf>]
<demo.pdf, id=380, page=156, 523.9575pt x 686.565pt>
File: demo.pdf Graphic file (type pdf)
 <use demo.pdf, page 156>
File: demo.pdf Graphic file (type pdf)

<use demo.pdf, page 156> <demo.pdf, id=381, page=133, 523.9575pt x 686.565pt>
File: demo.pdf Graphic file (type pdf)

<use demo.pdf, page 133>
File: demo.pdf Graphic file (type pdf)
 <use demo.pdf, page 133>
File: demo.pdf Graphic file (type pdf)
 <use demo.pdf, page 156>
File: demo.pdf Graphic file (type pdf)

<use demo.pdf, page 133> [69 <./demo.pdf> <./demo.pdf>]
<demo.pdf, id=385, page=155, 523.9575pt x 686.565pt>
File: demo.pdf Graphic file (type pdf)
 <use demo.pdf, page 155>
File: demo.pdf Graphic file (type pdf)

<use demo.pdf, page 155> <demo.pdf, id=386, page=134, 523.9575pt x 686.565pt>
File: demo.pdf Graphic file (type pdf)

<use demo.pdf, page 134>
File: demo.pdf Graphic file (type pdf)
 <use demo.pdf, page 134>
File: demo.pdf Graphic file (type pdf)
 <use demo.pdf, page 155>
File: demo.pdf Graphic file (type pdf)

<use demo.pdf, page 134> [70 <./demo.pdf> <./demo.pdf>]
<demo.pdf, id=390, page=154, 523.9575pt x 686.565pt>
File: demo.pdf Graphic file (type pdf)
 <use demo.pdf, page 154>
File: demo.pdf Graphic file (type pdf)

<use demo.pdf, page 154> <demo.pdf, id=391, page=135, 523.9575pt x 686.565pt>
File: demo.pdf Graphic file (type pdf)

<use demo.pdf, page 135>
File: demo.pdf Graphic file (type pdf)
 <use demo.pdf, page 135>
File: demo.pdf Graphic file (type pdf)
 <use demo.pdf, page 154>
File: demo.pdf Graphic file (type pdf)

<use demo.pdf, page 135> [71 <./demo.pdf> <./demo.pdf>]
<demo.pdf, id=395, page=153, 523.9575pt x 686.565pt>
File: demo.pdf Graphic file (type pdf)
 <use demo.pdf, page 153>
File: demo.pdf Graphic file (type pdf)

<use demo.pdf, page 153> <demo.pdf, id=396, page=136, 523.9575pt x 686.565pt>
File: demo.pdf Graphic file (type pdf)

<use demo.pdf, page 136>
File: demo.pdf Graphic file (type pdf)
 <use demo.pdf, page 136>
File: demo.pdf Graphic file (type pdf)
 <use demo.pdf, page 153>
File: demo.pdf Graphic file (type pdf)

<use demo.pdf, page 136> [72 <./demo.pdf> <./demo.pdf>]
<demo.pdf, id=400, page=152, 523.9575pt x 686.565pt>
File: demo.pdf Graphic file (type pdf)
 <use demo.pdf, page 152>
File: demo.pdf Graphic file (type pdf)

<use demo.pdf, page 152> <demo.pdf, id=401, page=137, 523.9575pt x 686.565pt>
File: demo.pdf Graphic file (type pdf)

<use demo.pdf, page 137>
File: demo.pdf Graphic file (type pdf)
 <use demo.pdf, page 137>
File: demo.pdf Graphic file (type pdf)
 <use demo.pdf, page 152>
File: demo.pdf Graphic file (type pdf)

<use demo.pdf, page 137> [73 <./demo.pdf> <./demo.pdf>]
<demo.pdf, id=406, page=151, 523.9575pt x 686.565pt>
File: demo.pdf Graphic file (type pdf)
 <use demo.pdf, page 151>
File: demo.pdf Graphic file (type pdf)

<use demo.pdf, page 151> <demo.pdf, id=407, page=138, 523.9575pt x 686.565pt>
File: demo.pdf Graphic file (type pdf)

<use demo.pdf, page 138>
File: demo.pdf Graphic file (type pdf)
 <use demo.pdf, page 138>
File: demo.pdf Graphic file (type pdf)
 <use demo.pdf, page 151>
File: demo.pdf Graphic file (type pdf)

<use demo.pdf, page 138> [74 <./demo.pdf> <./demo.pdf>]
<demo.pdf, id=411, page=150, 523.9575pt x 686.565pt>
File: demo.pdf Graphic file (type pdf)
 <use demo.pdf, page 150>
File: demo.pdf Graphic file (type pdf)

<use demo.pdf, page 150> <demo.pdf, id=412, page=139, 523.9575pt x 686.565pt>
File: demo.pdf Graphic file (type pdf)

<use demo.pdf, page 139>
File: demo.pdf Graphic file (type pdf)
 <use demo.pdf, page 139>
File: demo.pdf Graphic file (type pdf)
 <use demo.pdf, page 150>
File: demo.pdf Graphic file (type pdf)

<use demo.pdf, page 139> [75 <./demo.pdf> <./demo.pdf>]
<demo.pdf, id=416, page=149, 523.9575pt x 686.565pt>
File: demo.pdf Graphic file (type pdf)
 <use demo.pdf, page 149>
File: demo.pdf Graphic file (type pdf)

<use demo.pdf, page 149> <demo.pdf, id=417, page=140, 523.9575pt x 686.565pt>
File: demo.pdf Graphic file (type pdf)

<use demo.pdf, page 140>
File: demo.pdf Graphic file (type pdf)
 <use demo.pdf, page 140>
File: demo.pdf Graphic file (type pdf)
 <use demo.pdf, page 149>
File: demo.pdf Graphic file (type pdf)

<use demo.pdf, page 140> [76 <./demo.pdf> <./demo.pdf>]
<demo.pdf, id=421, page=148, 523.9575pt x 686.565pt>
File: demo.pdf Graphic file (type pdf)
 <use demo.pdf, page 148>
File: demo.pdf Graphic file (type pdf)

<use demo.pdf, page 148> <demo.pdf, id=422, page=141, 523.9575pt x 686.565pt>
File: demo.pdf Graphic file (type pdf)

<use demo.pdf, page 141>
File: demo.pdf Graphic file (type pdf)
 <use demo.pdf, page 141>
File: demo.pdf Graphic file (type pdf)
 <use demo.pdf, page 148>
File: demo.pdf Graphic file (type pdf)

<use demo.pdf, page 141> [77 <./demo.pdf> <./demo.pdf>]
<demo.pdf, id=426, page=147, 523.9575pt x 686.565pt>
File: demo.pdf Graphic file (type pdf)
 <use demo.pdf, page 147>
File: demo.pdf Graphic file (type pdf)

<use demo.pdf, page 147> <demo.pdf, id=427, page=142, 523.9575pt x 686.565pt>
File: demo.pdf Graphic file (type pdf)

<use demo.pdf, page 142>
File: demo.pdf Graphic file (type pdf)
 <use demo.pdf, page 142>
File: demo.pdf Graphic file (type pdf)
 <use demo.pdf, page 147>
File: demo.pdf Graphic file (type pdf)

<use demo.pdf, page 142> [78 <./demo.pdf> <./demo.pdf>]
<demo.pdf, id=431, page=146, 523.9575pt x 686.565pt>
File: demo.pdf Graphic file (type pdf)
 <use demo.pdf, page 146>
File: demo.pdf Graphic file (type pdf)

<use demo.pdf, page 146> <demo.pdf, id=432, page=143, 523.9575pt x 686.565pt>
File: demo.pdf Graphic file (type pdf)

<use demo.pdf, page 143>
File: demo.pdf Graphic file (type pdf)
 <use demo.pdf, page 143>
File: demo.pdf Graphic file (type pdf)
 <use demo.pdf, page 146>
File: demo.pdf Graphic file (type pdf)

<use demo.pdf, page 143> [79 <./demo.pdf> <./demo.pdf>]
<demo.pdf, id=437, page=145, 523.9575pt x 686.565pt>
File: demo.pdf Graphic file (type pdf)
 <use demo.pdf, page 145>
File: demo.pdf Graphic file (type pdf)

<use demo.pdf, page 145> <demo.pdf, id=438, page=144, 523.9575pt x 686.565pt>
File: demo.pdf Graphic file (type pdf)

<use demo.pdf, page 144>
File: demo.pdf Graphic file (type pdf)
 <use demo.pdf, page 144>
File: demo.pdf Graphic file (type pdf)
 <use demo.pdf, page 145>
File: demo.pdf Graphic file (type pdf)

<use demo.pdf, page 144> [80 <./demo.pdf> <./demo.pdf>]
File: demo.pdf Graphic file (type pdf)
 <use demo.pdf, page 1>
File: demo.pdf Graphic file (type pdf)

<use demo.pdf, page 1> <demo.pdf, id=442, page=161, 523.9575pt x 686.565pt>
File: demo.pdf Graphic file (type pdf)

<use demo.pdf, page 161>
File: demo.pdf Graphic file (type pdf)
 <use demo.pdf, page 161>
File: demo.pdf Graphic file (type pdf)
 <use demo.pdf, page 161>
[81 <./demo.pdf>]
File: demo.pdf Graphic file (type pdf)
 <use demo.pdf, page 1>
File: demo.pdf Graphic file (type pdf)
 <use demo.pdf, page 1>
<demo.pdf, id=446, page=162, 523.9575pt x 686.565pt>
File: demo.pdf Graphic file (type pdf)
 <use demo.pdf, page 162>
File: demo.pdf Graphic file (type pdf)

<use demo.pdf, page 162>
File: demo.pdf Graphic file (type pdf)
 <use demo.pdf, page 162> [82 <./demo.pdf>]
File: demo.pdf Graphic file (type pdf)

<use demo.pdf, page 1>
File: demo.pdf Graphic file (type pdf)
 <use demo.pdf, page 1>
File: demo.pdf Graphic file (type pdf)
 <use demo.pdf, page 1>
File: demo.pdf Graphic file (type pdf)

<use demo.pdf, page 1> [83]
File: demo.pdf Graphic file (type pdf)
 <use demo.pdf, page 1>
File: demo.pdf Graphic file (type pdf)
 <use demo.pdf, page 1>
File: demo.pdf Graphic file (type pdf)

<use demo.pdf, page 1>
File: demo.pdf Graphic file (type pdf)
 <use demo.pdf, page 1> [84]
File: demo.pdf Graphic file (type pdf)
 <use demo.pdf, page 1>
File: demo.pdf Graphic file (type pdf)

<use demo.pdf, page 1>
File: demo.pdf Graphic file (type pdf)
 <use demo.pdf, page 1>
File: demo.pdf Graphic file (type pdf)
 <use demo.pdf, page 1> [85]
File: demo.pdf Graphic file (type pdf)

<use demo.pdf, page 1>
File: demo.pdf Graphic file (type pdf)
 <use demo.pdf, page 1>
File: demo.pdf Graphic file (type pdf)
 <use demo.pdf, page 1>
File: demo.pdf Graphic file (type pdf)

<use demo.pdf, page 1> [86]
File: demo.pdf Graphic file (type pdf)
 <use demo.pdf, page 1>
File: demo.pdf Graphic file (type pdf)
 <use demo.pdf, page 1>
File: demo.pdf Graphic file (type pdf)

<use demo.pdf, page 1>
File: demo.pdf Graphic file (type pdf)
 <use demo.pdf, page 1> [87]
File: demo.pdf Graphic file (type pdf)
 <use demo.pdf, page 1>
File: demo.pdf Graphic file (type pdf)

<use demo.pdf, page 1>
File: demo.pdf Graphic file (type pdf)
 <use demo.pdf, page 1>
File: demo.pdf Graphic file (type pdf)
 <use demo.pdf, page 1> [88]
File: demo.pdf Graphic file (type pdf)

<use demo.pdf, page 1>
File: demo.pdf Graphic file (type pdf)
 <use demo.pdf, page 1>
File: demo.pdf Graphic file (type pdf)
 <use demo.pdf, page 1>
File: demo.pdf Graphic file (type pdf)

<use demo.pdf, page 1> [89]
File: demo.pdf Graphic file (type pdf)
 <use demo.pdf, page 1>
File: demo.pdf Graphic file (type pdf)
 <use demo.pdf, page 1>
File: demo.pdf Graphic file (type pdf)

<use demo.pdf, page 1>
File: demo.pdf Graphic file (type pdf)
 <use demo.pdf, page 1> [90]
File: demo.pdf Graphic file (type pdf)
 <use demo.pdf, page 1>
File: demo.pdf Graphic file (type pdf)

<use demo.pdf, page 1>
File: demo.pdf Graphic file (type pdf)
 <use demo.pdf, page 1>
File: demo.pdf Graphic file (type pdf)
 <use demo.pdf, page 1> [91]
File: demo.pdf Graphic file (type pdf)

<use demo.pdf, page 1>
File: demo.pdf Graphic file (type pdf)
 <use demo.pdf, page 1>
File: demo.pdf Graphic file (type pdf)
 <use demo.pdf, page 1>
File: demo.pdf Graphic file (type pdf)

<use demo.pdf, page 1> [92]
File: demo.pdf Graphic file (type pdf)
 <use demo.pdf, page 1>
File: demo.pdf Graphic file (type pdf)
 <use demo.pdf, page 1>
File: demo.pdf Graphic file (type pdf)

<use demo.pdf, page 1>
File: demo.pdf Graphic file (type pdf)
 <use demo.pdf, page 1> [93]
File: demo.pdf Graphic file (type pdf)
 <use demo.pdf, page 1>
File: demo.pdf Graphic file (type pdf)

<use demo.pdf, page 1>
File: demo.pdf Graphic file (type pdf)
 <use demo.pdf, page 1>
File: demo.pdf Graphic file (type pdf)
 <use demo.pdf, page 1> [94]
File: demo.pdf Graphic file (type pdf)

<use demo.pdf, page 1>
File: demo.pdf Graphic file (type pdf)
 <use demo.pdf, page 1>
File: demo.pdf Graphic file (type pdf)
 <use demo.pdf, page 1>
File: demo.pdf Graphic file (type pdf)

<use demo.pdf, page 1> [95]
File: demo.pdf Graphic file (type pdf)
 <use demo.pdf, page 1>
File: demo.pdf Graphic file (type pdf)
 <use demo.pdf, page 1>
File: demo.pdf Graphic file (type pdf)

<use demo.pdf, page 1>
File: demo.pdf Graphic file (type pdf)
 <use demo.pdf, page 1> [96] (./imp.aux) ) 
Here is how much of TeX's memory you used:
 2528 strings out of 493848
 36800 string characters out of 1152823
 85183 words of memory out of 3000000
 5817 multiletter control sequences out of 15000+50000
 3938 words of font info for 15 fonts, out of 3000000 for 9000
 714 hyphenation exceptions out of 8191
 34i,18n,40p,275b,428s stack positions out of 5000i,500n,10000p,200000b,50000s

Output written on imp.pdf (96 pages, 553738 bytes).
PDF statistics:
 499 PDF objects out of 1000 (max. 8388607)
 0 named destinations out of 1000 (max. 500000)
 821 words of extra memory for PDF output out of 10000 (max. 10000000)

